<?xml version="1.0" encoding="UTF-8"?>
<!-- Generated by org.testng.reporters.JUnitReportReporter -->
<testsuite skipped="0" hostname="DESKTOP-TT5QN6E" name="practice.AppiumFramework.Ecommerce_tc_4" tests="1" failures="0" timestamp="2020-08-24T18:31:37 CEST" time="215.219" errors="0">
  <testcase name="TotalValidation" time="215.219" classname="practice.AppiumFramework.Ecommerce_tc_4"/>
  <system-out/>
</testsuite> <!-- practice.AppiumFramework.Ecommerce_tc_4 -->
