<?xml version="1.0" encoding="UTF-8"?>
<!-- Generated by org.testng.reporters.JUnitReportReporter -->
<testsuite skipped="0" hostname="DESKTOP-TT5QN6E" name="practice.AppiumFramework.ApiDemoTest" tests="2" failures="0" timestamp="2020-08-24T19:43:03 CEST" time="100.699" errors="0">
  <testcase name="apiDemoTest" time="58.823" classname="practice.AppiumFramework.ApiDemoTest"/>
  <system-out/>
  <testcase name="apiDemoTest" time="41.876" classname="practice.AppiumFramework.ApiDemoTest"/>
  <system-out/>
</testsuite> <!-- practice.AppiumFramework.ApiDemoTest -->
